[

{
  "name": "contiguous",
  "ph": "X",
  "ts": 39828.799000,
  "dur": 3.478000,
  "tid": 0,
  "pid": "CPU Functions",
  "args": {}
},

{
  "name": "cudnn_convolution",
  "ph": "X",
  "ts": 39845.525000,
  "dur": 1214.753000,
  "tid": 0,
  "pid": "CPU Functions",
  "args": {}
},

{
  "name": "_convolution",
  "ph": "X",
  "ts": 39817.224000,
  "dur": 1244.365000,
  "tid": 0,
  "pid": "CPU Functions",
  "args": {}
},

{
  "name": "threshold_",
  "ph": "X",
  "ts": 41072.219000,
  "dur": 37.115000,
  "tid": 0,
  "pid": "CPU Functions",
  "args": {}
},

{
  "name": "max_pool2d_with_indices",
  "ph": "X",
  "ts": 41123.311000,
  "dur": 29.628000,
  "tid": 0,
  "pid": "CPU Functions",
  "args": {}
},

{
  "name": "contiguous",
  "ph": "X",
  "ts": 41159.275000,
  "dur": 0.263000,
  "tid": 0,
  "pid": "CPU Functions",
  "args": {}
},

{
  "name": "cudnn_convolution",
  "ph": "X",
  "ts": 41164.184000,
  "dur": 171.118000,
  "tid": 0,
  "pid": "CPU Functions",
  "args": {}
},

{
  "name": "_convolution",
  "ph": "X",
  "ts": 41158.387000,
  "dur": 177.343000,
  "tid": 0,
  "pid": "CPU Functions",
  "args": {}
},

{
  "name": "threshold_",
  "ph": "X",
  "ts": 41337.418000,
  "dur": 12.366000,
  "tid": 0,
  "pid": "CPU Functions",
  "args": {}
},

{
  "name": "max_pool2d_with_indices",
  "ph": "X",
  "ts": 41353.847000,
  "dur": 15.405000,
  "tid": 0,
  "pid": "CPU Functions",
  "args": {}
},

{
  "name": "contiguous",
  "ph": "X",
  "ts": 41373.925000,
  "dur": 0.286000,
  "tid": 0,
  "pid": "CPU Functions",
  "args": {}
},

{
  "name": "cudnn_convolution",
  "ph": "X",
  "ts": 41376.765000,
  "dur": 89.456000,
  "tid": 0,
  "pid": "CPU Functions",
  "args": {}
},

{
  "name": "_convolution",
  "ph": "X",
  "ts": 41373.247000,
  "dur": 93.288000,
  "tid": 0,
  "pid": "CPU Functions",
  "args": {}
},

{
  "name": "threshold_",
  "ph": "X",
  "ts": 41467.424000,
  "dur": 9.059000,
  "tid": 0,
  "pid": "CPU Functions",
  "args": {}
},

{
  "name": "contiguous",
  "ph": "X",
  "ts": 41478.855000,
  "dur": 0.261000,
  "tid": 0,
  "pid": "CPU Functions",
  "args": {}
},

{
  "name": "cudnn_convolution",
  "ph": "X",
  "ts": 41480.815000,
  "dur": 37.073000,
  "tid": 0,
  "pid": "CPU Functions",
  "args": {}
},

{
  "name": "_convolution",
  "ph": "X",
  "ts": 41478.275000,
  "dur": 39.891000,
  "tid": 0,
  "pid": "CPU Functions",
  "args": {}
},

{
  "name": "threshold_",
  "ph": "X",
  "ts": 41518.875000,
  "dur": 7.816000,
  "tid": 0,
  "pid": "CPU Functions",
  "args": {}
},

{
  "name": "contiguous",
  "ph": "X",
  "ts": 41528.564000,
  "dur": 0.276000,
  "tid": 0,
  "pid": "CPU Functions",
  "args": {}
},

{
  "name": "cudnn_convolution",
  "ph": "X",
  "ts": 41530.204000,
  "dur": 31.253000,
  "tid": 0,
  "pid": "CPU Functions",
  "args": {}
},

{
  "name": "_convolution",
  "ph": "X",
  "ts": 41528.138000,
  "dur": 33.591000,
  "tid": 0,
  "pid": "CPU Functions",
  "args": {}
},

{
  "name": "threshold_",
  "ph": "X",
  "ts": 41562.379000,
  "dur": 6.972000,
  "tid": 0,
  "pid": "CPU Functions",
  "args": {}
},

{
  "name": "max_pool2d_with_indices",
  "ph": "X",
  "ts": 41575.074000,
  "dur": 10.650000,
  "tid": 0,
  "pid": "CPU Functions",
  "args": {}
},

{
  "name": "view",
  "ph": "X",
  "ts": 41605.941000,
  "dur": 24.520000,
  "tid": 0,
  "pid": "CPU Functions",
  "args": {}
},

{
  "name": "size",
  "ph": "X",
  "ts": 41635.604000,
  "dur": 1.276000,
  "tid": 0,
  "pid": "CPU Functions",
  "args": {}
},

{
  "name": "empty",
  "ph": "X",
  "ts": 41650.605000,
  "dur": 3.530000,
  "tid": 0,
  "pid": "CPU Functions",
  "args": {}
},

{
  "name": "uniform_",
  "ph": "X",
  "ts": 41657.824000,
  "dur": 32.284000,
  "tid": 0,
  "pid": "CPU Functions",
  "args": {}
},

{
  "name": "rand_like",
  "ph": "X",
  "ts": 41643.604000,
  "dur": 46.801000,
  "tid": 0,
  "pid": "CPU Functions",
  "args": {}
},

{
  "name": "lt",
  "ph": "X",
  "ts": 41694.976000,
  "dur": 18982.578000,
  "tid": 0,
  "pid": "CPU Functions",
  "args": {}
},

{
  "name": "empty",
  "ph": "X",
  "ts": 60703.148000,
  "dur": 6.710000,
  "tid": 0,
  "pid": "CPU Functions",
  "args": {}
},

{
  "name": "to",
  "ph": "X",
  "ts": 60700.665000,
  "dur": 48.561000,
  "tid": 0,
  "pid": "CPU Functions",
  "args": {}
},

{
  "name": "type_as",
  "ph": "X",
  "ts": 60694.966000,
  "dur": 55.162000,
  "tid": 0,
  "pid": "CPU Functions",
  "args": {}
},

{
  "name": "mul",
  "ph": "X",
  "ts": 60760.139000,
  "dur": 58.698000,
  "tid": 0,
  "pid": "CPU Functions",
  "args": {}
},

{
  "name": "mul",
  "ph": "X",
  "ts": 60827.463000,
  "dur": 64.804000,
  "tid": 0,
  "pid": "CPU Functions",
  "args": {}
},

{
  "name": "t",
  "ph": "X",
  "ts": 60905.452000,
  "dur": 17.261000,
  "tid": 0,
  "pid": "CPU Functions",
  "args": {}
},

{
  "name": "mm",
  "ph": "X",
  "ts": 60937.833000,
  "dur": 685.810000,
  "tid": 0,
  "pid": "CPU Functions",
  "args": {}
},

{
  "name": "add",
  "ph": "X",
  "ts": 61642.243000,
  "dur": 56.336000,
  "tid": 0,
  "pid": "CPU Functions",
  "args": {}
},

{
  "name": "size",
  "ph": "X",
  "ts": 61703.917000,
  "dur": 2.078000,
  "tid": 0,
  "pid": "CPU Functions",
  "args": {}
},

{
  "name": "size",
  "ph": "X",
  "ts": 61706.357000,
  "dur": 0.607000,
  "tid": 0,
  "pid": "CPU Functions",
  "args": {}
},

{
  "name": "threshold_",
  "ph": "X",
  "ts": 61731.489000,
  "dur": 32.918000,
  "tid": 0,
  "pid": "CPU Functions",
  "args": {}
},

{
  "name": "empty",
  "ph": "X",
  "ts": 61796.143000,
  "dur": 5.913000,
  "tid": 0,
  "pid": "CPU Functions",
  "args": {}
},

{
  "name": "uniform_",
  "ph": "X",
  "ts": 61803.650000,
  "dur": 22.960000,
  "tid": 0,
  "pid": "CPU Functions",
  "args": {}
},

{
  "name": "rand_like",
  "ph": "X",
  "ts": 61792.344000,
  "dur": 35.280000,
  "tid": 0,
  "pid": "CPU Functions",
  "args": {}
},

{
  "name": "lt",
  "ph": "X",
  "ts": 61830.164000,
  "dur": 58.689000,
  "tid": 0,
  "pid": "CPU Functions",
  "args": {}
},

{
  "name": "empty",
  "ph": "X",
  "ts": 61896.791000,
  "dur": 4.056000,
  "tid": 0,
  "pid": "CPU Functions",
  "args": {}
},

{
  "name": "to",
  "ph": "X",
  "ts": 61895.266000,
  "dur": 26.305000,
  "tid": 0,
  "pid": "CPU Functions",
  "args": {}
},

{
  "name": "type_as",
  "ph": "X",
  "ts": 61893.062000,
  "dur": 29.289000,
  "tid": 0,
  "pid": "CPU Functions",
  "args": {}
},

{
  "name": "mul",
  "ph": "X",
  "ts": 61924.735000,
  "dur": 26.954000,
  "tid": 0,
  "pid": "CPU Functions",
  "args": {}
},

{
  "name": "mul",
  "ph": "X",
  "ts": 61955.347000,
  "dur": 40.855000,
  "tid": 0,
  "pid": "CPU Functions",
  "args": {}
},

{
  "name": "t",
  "ph": "X",
  "ts": 62001.305000,
  "dur": 8.489000,
  "tid": 0,
  "pid": "CPU Functions",
  "args": {}
},

{
  "name": "mm",
  "ph": "X",
  "ts": 62018.077000,
  "dur": 30.975000,
  "tid": 0,
  "pid": "CPU Functions",
  "args": {}
},

{
  "name": "add",
  "ph": "X",
  "ts": 62051.558000,
  "dur": 27.740000,
  "tid": 0,
  "pid": "CPU Functions",
  "args": {}
},

{
  "name": "size",
  "ph": "X",
  "ts": 62083.004000,
  "dur": 1.255000,
  "tid": 0,
  "pid": "CPU Functions",
  "args": {}
},

{
  "name": "size",
  "ph": "X",
  "ts": 62084.587000,
  "dur": 0.512000,
  "tid": 0,
  "pid": "CPU Functions",
  "args": {}
},

{
  "name": "threshold_",
  "ph": "X",
  "ts": 62098.093000,
  "dur": 26.419000,
  "tid": 0,
  "pid": "CPU Functions",
  "args": {}
},

{
  "name": "t",
  "ph": "X",
  "ts": 62147.830000,
  "dur": 5.754000,
  "tid": 0,
  "pid": "CPU Functions",
  "args": {}
},

{
  "name": "mm",
  "ph": "X",
  "ts": 62155.250000,
  "dur": 25.453000,
  "tid": 0,
  "pid": "CPU Functions",
  "args": {}
},

{
  "name": "add",
  "ph": "X",
  "ts": 62182.829000,
  "dur": 26.038000,
  "tid": 0,
  "pid": "CPU Functions",
  "args": {}
},

{
  "name": "size",
  "ph": "X",
  "ts": 62211.796000,
  "dur": 0.990000,
  "tid": 0,
  "pid": "CPU Functions",
  "args": {}
},

{
  "name": "size",
  "ph": "X",
  "ts": 62213.131000,
  "dur": 0.478000,
  "tid": 0,
  "pid": "CPU Functions",
  "args": {}
}]
